Saved story: 38201  url: https://www.literotica.com/s/i-want-a-divorce-1
Saved story: 38202  url: https://www.literotica.com/s/i-want-to-tell-you
Saved story: 38203  url: https://www.literotica.com/s/i-was-a-cuck-karen-01
Saved story: 38204  url: https://www.literotica.com/s/i-was-bored-ch-03
Saved story: 38205  url: https://www.literotica.com/s/i-was-targeted-by-a-horny-hot-wife
Saved story: 38206  url: https://www.literotica.com/s/i-will-save-you
Saved story: 38207  url: https://www.literotica.com/s/i-won-the-bet-1
Saved story: 38208  url: https://www.literotica.com/s/id-be-better-off
Saved story: 38209  url: https://www.literotica.com/s/ill-drop-my-panties-for-u-ch-02
Saved story: 38210  url: https://www.literotica.com/s/ill-see-you-in-dreams-1
Saved story: 38211  url: https://www.literotica.com/s/im-a-woman-who-loves-it
Saved story: 38212  url: https://www.literotica.com/s/im-gone-1
Saved story: 38213  url: https://www.literotica.com/s/im-my-teachers-fantasy-wife
Saved story: 38214  url: https://www.literotica.com/s/im-over-you
Saved story: 38215  url: https://www.literotica.com/s/ive-just-been-fucked
Saved story: 38216  url: https://www.literotica.com/s/iaw-ch-03-what-a-long-strange-trip
Saved story: 38217  url: https://www.literotica.com/s/husband-gets-lesbian-pregnant
Saved story: 38218  url: https://www.literotica.com/s/husband-or-lover-or-why-not-both
Saved story: 38219  url: https://www.literotica.com/s/husband-surprises-me-in-dream
Saved story: 38220  url: https://www.literotica.com/s/husband-training-101-ch-03-1
Saved story: 38221  url: https://www.literotica.com/s/husbands-3some-birthday-party
Saved story: 38222  url: https://www.literotica.com/s/husbands-fantasy-2
Saved story: 38223  url: https://www.literotica.com/s/husbands-revenge-7
Saved story: 38224  url: https://www.literotica.com/s/husbands-and-boyfriends-ch-01
Saved story: 38225  url: https://www.literotica.com/s/hutchs-property-ch-02
Saved story: 38226  url: https://www.literotica.com/s/hypersexuality
Saved story: 38227  url: https://www.literotica.com/s/i-am-a-dominator-of-couples-no-04-alice
Saved story: 38228  url: https://www.literotica.com/s/i-am-going-to-help-you
Saved story: 38229  url: https://www.literotica.com/s/i-am-not-a-wimp-another-sequel
Saved story: 38230  url: https://www.literotica.com/s/i-asked-for-it-3
error: invalid input syntax for type double precision: "82.2k"
    at /home/projects/xxx-story-scraper/node_modules/pg-pool/index.js:45:11
    at process.processTicksAndRejections (node:internal/process/task_queues:95:5)
    at async saveStory (file:///home/projects/xxx-story-scraper/story-repository.js:46:32)
    at async getStory (file:///home/projects/xxx-story-scraper/literotica-scraper.js:173:12)
    at async start (file:///home/projects/xxx-story-scraper/literotica-scraper.js:208:23) {
  length: 163,
  severity: 'ERROR',
  code: '22P02',
  detail: undefined,
  hint: undefined,
  position: undefined,
  internalPosition: undefined,
  internalQuery: undefined,
  where: "unnamed portal parameter $8 = '...'",
  schema: undefined,
  table: undefined,
  column: undefined,
  dataType: undefined,
  constraint: undefined,
  file: 'float.c',
  line: '500',
  routine: 'float8in_internal_opt_error'
}
Saved story: 38231  url: https://www.literotica.com/s/i-blush-too-damn-much-ch-02
error: invalid input syntax for type double precision: "29.4k"
    at /home/projects/xxx-story-scraper/node_modules/pg-pool/index.js:45:11
    at process.processTicksAndRejections (node:internal/process/task_queues:95:5)
    at async saveStory (file:///home/projects/xxx-story-scraper/story-repository.js:46:32)
    at async getStory (file:///home/projects/xxx-story-scraper/literotica-scraper.js:173:12)
    at async start (file:///home/projects/xxx-story-scraper/literotica-scraper.js:208:23) {
  length: 163,
  severity: 'ERROR',
  code: '22P02',
  detail: undefined,
  hint: undefined,
  position: undefined,
  internalPosition: undefined,
  internalQuery: undefined,
  where: "unnamed portal parameter $8 = '...'",
  schema: undefined,
  table: undefined,
  column: undefined,
  dataType: undefined,
  constraint: undefined,
  file: 'float.c',
  line: '500',
  routine: 'float8in_internal_opt_error'
}
Saved story: 38232  url: https://www.literotica.com/s/i-blush-too-damn-much-ch-13
Saved story: 38233  url: https://www.literotica.com/s/i-cant-believe-i-said-it
Saved story: 38234  url: https://www.literotica.com/s/i-caused-my-wife-to-cuckold-me
Saved story: 38235  url: https://www.literotica.com/s/i-crashed-their-dinner
Saved story: 38236  url: https://www.literotica.com/s/i-did-mind-i-did-matter
Saved story: 38237  url: https://www.literotica.com/s/i-didnt-want-to-believe
Saved story: 38238  url: https://www.literotica.com/s/i-dont-want-a-cheating-wife
Saved story: 38239  url: https://www.literotica.com/s/i-film-wife-fluffs-ch-01
Saved story: 38240  url: https://www.literotica.com/s/i-gave-her-the-green-light-and-she-took-the-autobahn
Saved story: 38241  url: https://www.literotica.com/s/i-go-on-a-date-pt-03
Saved story: 38242  url: https://www.literotica.com/s/i-got-what-i-asked-for-pt-01
Saved story: 38243  url: https://www.literotica.com/s/i-had-to-wait-for-my-revenge
Saved story: 38244  url: https://www.literotica.com/s/i-have-a-50-50-chance-ch-02
Saved story: 38245  url: https://www.literotica.com/s/i-have-five-friends
Saved story: 38246  url: https://www.literotica.com/s/i-heard-him-leave
Saved story: 38247  url: https://www.literotica.com/s/i-kissed-a-girl-7
Saved story: 38248  url: https://www.literotica.com/s/i-know-shes-the-devil
Saved story: 38249  url: https://www.literotica.com/s/i-lied
Saved story: 38250  url: https://www.literotica.com/s/i-love-mary-mclaren
Saved story: 38251  url: https://www.literotica.com/s/i-love-the-way-you-do-that
Saved story: 38252  url: https://www.literotica.com/s/i-married-a-blow-job-queen-again
Saved story: 38253  url: https://www.literotica.com/s/i-married-a-nymphomaniac-pt-01
Saved story: 38254  url: https://www.literotica.com/s/i-married-a-whore
Saved story: 38255  url: https://www.literotica.com/s/i-miss-u
Saved story: 38256  url: https://www.literotica.com/s/i-need-cock-honey
Saved story: 38257  url: https://www.literotica.com/s/i-never-asked-why
Saved story: 38258  url: https://www.literotica.com/s/i-never-saw-it-coming
Saved story: 38259  url: https://www.literotica.com/s/i-really-want-to-fuck-your-husband
Saved story: 38260  url: https://www.literotica.com/s/i-see-you-everywhere-ch-04
Saved story: 38261  url: https://www.literotica.com/s/i-started-out-roasting-a-pig
Saved story: 38262  url: https://www.literotica.com/s/i-stole-your-love
Saved story: 38263  url: https://www.literotica.com/s/i-the-juror
Saved story: 38264  url: https://www.literotica.com/s/i-took-a-memory-to-lunch
